make --dry-run --always-make --keep-going --print-directory
make: Entering directory `/Users/avon-ben/Documents/codam/Core/Push_swap'
gcc -Wall -Werror -Wextra  -I include -I./src/libft/ -c main.c -o main.o
 
gcc -Wall -Werror -Wextra  -I include -I./src/libft/ -c utils.c -o utils.o
gcc -Wall -Werror -Wextra  -I include -I./src/libft/ -c rules.c -o rules.o
gcc -Wall -Werror -Wextra  -I include -I./src/libft/ -c more_rules.c -o more_rules.o
gcc -Wall -Werror -Wextra  -I include -I./src/libft/ -c Push_Swap.c -o Push_Swap.o
/Applications/Xcode.app/Contents/Developer/usr/bin/make -s -C ./src/libft/
 
make[1]: Entering directory `/Users/avon-ben/Documents/codam/Core/Push_swap/src/libft'
cc -Wall -Werror -Wextra -o ft_atoi.o -c ft_atoi.c
cc -Wall -Werror -Wextra -o ft_bzero.o -c ft_bzero.c
cc -Wall -Werror -Wextra -o ft_strlcat.o -c ft_strlcat.c
cc -Wall -Werror -Wextra -o ft_strlcpy.o -c ft_strlcpy.c
 
cc -Wall -Werror -Wextra -o ft_isalnum.o -c ft_isalnum.c
cc -Wall -Werror -Wextra -o ft_isalpha.o -c ft_isalpha.c
cc -Wall -Werror -Wextra -o ft_isascii.o -c ft_isascii.c
cc -Wall -Werror -Wextra -o ft_isdigit.o -c ft_isdigit.c
cc -Wall -Werror -Wextra -o ft_isprint.o -c ft_isprint.c
cc -Wall -Werror -Wextra -o ft_memchr.o -c ft_memchr.c
cc -Wall -Werror -Wextra -o ft_memcmp.o -c ft_memcmp.c
cc -Wall -Werror -Wextra -o ft_memcpy.o -c ft_memcpy.c
cc -Wall -Werror -Wextra -o ft_memmove.o -c ft_memmove.c
cc -Wall -Werror -Wextra -o ft_memset.o -c ft_memset.c
cc -Wall -Werror -Wextra -o ft_strchr.o -c ft_strchr.c
cc -Wall -Werror -Wextra -o ft_strlen.o -c ft_strlen.c
cc -Wall -Werror -Wextra -o ft_strncmp.o -c ft_strncmp.c
cc -Wall -Werror -Wextra -o ft_strnstr.o -c ft_strnstr.c
cc -Wall -Werror -Wextra -o ft_strrchr.o -c ft_strrchr.c
cc -Wall -Werror -Wextra -o ft_tolower.o -c ft_tolower.c
cc -Wall -Werror -Wextra -o ft_toupper.o -c ft_toupper.c
cc -Wall -Werror -Wextra -o ft_calloc.o -c ft_calloc.c
cc -Wall -Werror -Wextra -o ft_strdup.o -c ft_strdup.c
cc -Wall -Werror -Wextra -o ft_substr.o -c ft_substr.c
cc -Wall -Werror -Wextra -o ft_strjoin.o -c ft_strjoin.c
cc -Wall -Werror -Wextra -o ft_strtrim.o -c ft_strtrim.c
 
cc -Wall -Werror -Wextra -o ft_itoa.o -c ft_itoa.c
cc -Wall -Werror -Wextra -o ft_split.o -c ft_split.c
cc -Wall -Werror -Wextra -o ft_putchar_fd.o -c ft_putchar_fd.c
cc -Wall -Werror -Wextra -o ft_putstr_fd.o -c ft_putstr_fd.c
cc -Wall -Werror -Wextra -o ft_strmapi.o -c ft_strmapi.c
cc -Wall -Werror -Wextra -o ft_striteri.o -c ft_striteri.c
cc -Wall -Werror -Wextra -o ft_putendl_fd.o -c ft_putendl_fd.c
cc -Wall -Werror -Wextra -o ft_putnbr_fd.o -c ft_putnbr_fd.c
ar -ru libft.a ft_atoi.o ft_bzero.o ft_strlcat.o ft_strlcpy.o ft_isalnum.o ft_isalpha.o ft_isascii.o ft_isdigit.o ft_isprint.o ft_memchr.o ft_memcmp.o ft_memcpy.o ft_memmove.o ft_memset.o ft_strchr.o ft_strlen.o ft_strncmp.o ft_strnstr.o ft_strrchr.o ft_tolower.o ft_toupper.o ft_calloc.o ft_strdup.o ft_substr.o ft_strjoin.o ft_strtrim.o ft_itoa.o ft_split.o ft_putchar_fd.o ft_putstr_fd.o ft_strmapi.o ft_striteri.o ft_putendl_fd.o ft_putnbr_fd.o
make[1]: Leaving directory `/Users/avon-ben/Documents/codam/Core/Push_swap/src/libft'
echo "libft made"
gcc -Wall -Werror -Wextra  -I include -I./src/libft/ ./src/libft/libft.a -o ps.out main.o utils.o rules.o more_rules.o Push_Swap.o
echo "made man"
make: Leaving directory `/Users/avon-ben/Documents/codam/Core/Push_swap'
 
